<?xml version="1.0" encoding="UTF-8"?>
<testng-results ignored="0" total="1" passed="1" failed="0" skipped="0">
  <reporter-output>
  </reporter-output>
  <suite started-at="2020-10-14T11:21:48Z" name="Default suite" finished-at="2020-10-14T11:21:56Z" duration-ms="8436">
    <groups>
    </groups>
    <test started-at="2020-10-14T11:21:48Z" name="Default test" finished-at="2020-10-14T11:21:56Z" duration-ms="8436">
      <class name="demoPackage.DemoClass">
        <test-method signature="method1()[pri:0, instance:demoPackage.DemoClass@de2faf09]" started-at="2020-10-14T16:51:48Z" name="method1" finished-at="2020-10-14T16:51:56Z" duration-ms="8419" status="PASS">
          <reporter-output>
          </reporter-output>
        </test-method> <!-- method1 -->
      </class> <!-- demoPackage.DemoClass -->
    </test> <!-- Default test -->
  </suite> <!-- Default suite -->
</testng-results>
